{ foo_MIN_: 99, bar: -1, baz: '!' }
[ 3.14159265, 42, 37, 'hi!' ]
foo
22.14159265
3735928559
42
37
9.14159265
18.14159265
x= hi y= 1337
z= 10
10
two zero [ 1, 2, [ 3, 4 ] ]
11
MR. X A B C [ 'MR. X', 666, { ab: [ 'A', 'B' ], c: 'C' } ] { ab: [ 'A', 'B' ], c: 'C' }
MR. X A B C [ 'MR. X', 666, { ab: [ 'A', 'B' ], c: 'C' } ] { ab: [ 'A', 'B' ], c: 'C' }
1 2 3
1 2 [ 3, 4, 5, 6 ]
7 8 [ 10, 11, 12, 13, 14 ]
MORE 0 2 2 1
MORE 2 3 2 1
DONE 4 4 2 1
E1: [Error: E1]
OK
F1
E2: [Error: E2]
F2
[ [ 1, 'foo' ],
  [ 1, 'bar' ],
  [ 2, 'foo' ],
  [ 2, 'bar' ],
  [ 3, 'foo' ],
  [ 3, 'bar' ] ]
[ 1, 'foo' ]
[ 1, 'bar' ]
[ 2, 'foo' ]
[ 2, 'bar' ]
[ 3, 'foo' ]
[ 3, 'bar' ]
[ [ 1, 1, 'x', 2 ],
  [ 1, 1, 'y', 2 ],
  [ 2, 1, 'x', 3 ],
  [ 2, 1, 'y', 3 ],
  [ 2, 2, 'x', 4 ],
  [ 2, 2, 'y', 4 ],
  [ 4, 1, 'x', 5 ],
  [ 4, 1, 'y', 5 ],
  [ 4, 2, 'x', 6 ],
  [ 4, 2, 'y', 6 ],
  [ 4, 3, 'x', 7 ],
  [ 4, 3, 'y', 7 ],
  [ 4, 4, 'x', 8 ],
  [ 4, 4, 'y', 8 ] ]
[ 1, 1, 'x', 2 ]
[ 1, 1, 'y', 2 ]
[ 2, 1, 'x', 3 ]
[ 2, 1, 'y', 3 ]
[ 2, 2, 'x', 4 ]
[ 2, 2, 'y', 4 ]
[ 4, 1, 'x', 5 ]
[ 4, 1, 'y', 5 ]
[ 4, 2, 'x', 6 ]
[ 4, 2, 'y', 6 ]
[ 4, 3, 'x', 7 ]
[ 4, 3, 'y', 7 ]
[ 4, 4, 'x', 8 ]
[ 4, 4, 'y', 8 ]
